-------------------------------------------------------------------------------
Test set: com.App_Crud.AppCrudApplicationTests
-------------------------------------------------------------------------------
Tests run: 1, Failures: 0, Errors: 1, Skipped: 0, Time elapsed: 0.225 s <<< FAILURE! - in com.App_Crud.AppCrudApplicationTests
com.App_Crud.AppCrudApplicationTests  Time elapsed: 0.223 s  <<< ERROR!
java.lang.IllegalStateException: Unable to find a @SpringBootConfiguration, you need to use @ContextConfiguration or @SpringBootTest(classes=...) with your test

